<?xml version="1.0" encoding="UTF-8"?>
<testng-results skipped="0" failed="0" total="1" passed="1">
  <reporter-output>
  </reporter-output>
  <suite name="Default suite" duration-ms="32" started-at="2019-07-08T06:34:49Z" finished-at="2019-07-08T06:34:49Z">
    <groups>
    </groups>
    <test name="Default test" duration-ms="32" started-at="2019-07-08T06:34:49Z" finished-at="2019-07-08T06:34:49Z">
      <class name="jenkinsPack.TestRunner">
        <test-method status="PASS" signature="f()[pri:0, instance:jenkinsPack.TestRunner@7907ec20]" name="f" duration-ms="13" started-at="2019-07-08T12:04:49Z" finished-at="2019-07-08T12:04:49Z">
          <reporter-output>
          </reporter-output>
        </test-method> <!-- f -->
      </class> <!-- jenkinsPack.TestRunner -->
    </test> <!-- Default test -->
  </suite> <!-- Default suite -->
</testng-results>
